<?xml version="1.0" encoding="UTF-8"?>
<!-- Generated by org.testng.reporters.JUnitReportReporter -->
<testsuite skipped="0" hostname="KORAT" name="com.testingwithChrome.DataDrivenTestingWithCSV" tests="3" failures="0" timestamp="2022-11-24T18:01:01 EST" time="0.000" errors="0">
  <testcase name="testReport" time="0.000" classname="com.testingwithChrome.DataDrivenTestingWithCSV"/>
  <system-out/>
  <testcase name="testReport" time="0.000" classname="com.testingwithChrome.DataDrivenTestingWithCSV"/>
  <system-out/>
  <testcase name="testReport" time="0.000" classname="com.testingwithChrome.DataDrivenTestingWithCSV"/>
  <system-out/>
</testsuite> <!-- com.testingwithChrome.DataDrivenTestingWithCSV -->
